<?xml version="1.0" encoding="UTF-8"?>
<!-- Generated by org.testng.reporters.JUnitReportReporter -->
<testsuite skipped="1" hostname="DESKTOP-G39R0KJ" name="ar.com.info.automation.test.TestAltaUsr" tests="2" failures="0" timestamp="03 oct 2018 22:50:24 GMT" time="16.081" errors="0">
  <testcase name="createAcount" time="16.081" classname="ar.com.info.automation.test.TestAltaUsr"/>
  <testcase name="prueba" classname="ar.com.info.automation.test.TestAltaUsr">
    <skipped/>
  </testcase> <!-- prueba -->
</testsuite> <!-- ar.com.info.automation.test.TestAltaUsr -->
