<?xml version="1.0" encoding="UTF-8"?>
<!-- Generated by org.testng.reporters.JUnitReportReporter -->
<testsuite skipped="0" hostname="rat" name="service.InsumoTest" tests="5" failures="0" timestamp="17 oct 2018 22:00:19 GMT" time="4.321" errors="0">
  <testcase name="deleteProduct" time="0.075" classname="service.InsumoTest"/>
  <testcase name="getWithPathParam" time="0.952" classname="service.InsumoTest"/>
  <testcase name="getUsingQueryParam" time="0.124" classname="service.InsumoTest"/>
  <testcase name="addProduct" time="2.962" classname="service.InsumoTest"/>
  <testcase name="getAll" time="0.208" classname="service.InsumoTest"/>
</testsuite> <!-- service.InsumoTest -->
