<?xml version="1.0" encoding="UTF-8"?>
<!-- Generated by org.testng.reporters.JUnitReportReporter -->
<testsuite skipped="1" hostname="rat" name="ar.com.info.automation.test.TestAltaUsr" tests="2" failures="0" timestamp="17 oct 2018 22:41:13 GMT" time="23.240" errors="0">
  <testcase name="createAcount" time="23.240" classname="ar.com.info.automation.test.TestAltaUsr"/>
  <testcase name="prueba" classname="ar.com.info.automation.test.TestAltaUsr">
    <skipped/>
  </testcase> <!-- prueba -->
</testsuite> <!-- ar.com.info.automation.test.TestAltaUsr -->
